2025-04-08 00:33:05.032129 - Received CBT.V508.FILE025.PDS from FILE025.XMI 
2025-04-08 00:33:05.036673 - Found $$$#DATE.txt (text/plain) in CBT.V508.FILE025.PDS, moved to PDS/$$$#DATE
2025-04-08 00:33:05.038087 - Found $$OLDSTF.txt (text/plain) in CBT.V508.FILE025.PDS, moved to PDS/$$OLDSTF
2025-04-08 00:33:05.039410 - Found $DISCLAM.txt (text/plain) in CBT.V508.FILE025.PDS, moved to PDS/$DISCLAM
2025-04-08 00:33:05.040811 - Found $DOC.txt (text/plain) in CBT.V508.FILE025.PDS, moved to PDS/$DOC
2025-04-08 00:33:05.042243 - Found $PDSLOAD.jcl (text/plain) in CBT.V508.FILE025.PDS, moved to PDS/$PDSLOAD
2025-04-08 00:33:05.043592 - Found $PDSLOAE.jcl (text/plain) in CBT.V508.FILE025.PDS, moved to PDS/$PDSLOAE
2025-04-08 00:33:05.045233 - Found @FILE025.txt (text/plain) in CBT.V508.FILE025.PDS, moved to PDS/@FILE025
2025-04-08 00:33:05.046654 - Found BEGIN.txt (text/plain) in CBT.V508.FILE025.PDS, moved to PDS/BEGIN
2025-04-08 00:33:05.048407 - Found CONESA.txt (text/plain) in CBT.V508.FILE025.PDS, moved to PDS/CONESA
2025-04-08 00:33:05.049924 - Found CONESAJ.jcl (text/plain) in CBT.V508.FILE025.PDS, moved to PDS/CONESAJ
2025-04-08 00:33:05.051475 - Found CONS390.txt (text/plain) in CBT.V508.FILE025.PDS, moved to PDS/CONS390
2025-04-08 00:33:05.052791 - Found CONS390J.jcl (text/plain) in CBT.V508.FILE025.PDS, moved to PDS/CONS390J
2025-04-08 00:33:05.054329 - Found IEBCOPY.jcl (text/plain) in CBT.V508.FILE025.PDS, moved to PDS/IEBCOPY
2025-04-08 00:33:05.055692 - Found IKJTSO00.txt (text/plain) in CBT.V508.FILE025.PDS, moved to PDS/IKJTSO00
2025-04-08 00:33:05.057339 - Found KLEENUP.rexx (text/plain) in CBT.V508.FILE025.PDS, moved to PDS/KLEENUP
2025-04-08 00:33:05.058807 - Found KLEENUPJ.jcl (text/plain) in CBT.V508.FILE025.PDS, moved to PDS/KLEENUPJ
2025-04-08 00:33:05.060454 - Found MTTESA.txt (text/plain) in CBT.V508.FILE025.PDS, moved to PDS/MTTESA
2025-04-08 00:33:05.061778 - Found MTTESAJ.jcl (text/plain) in CBT.V508.FILE025.PDS, moved to PDS/MTTESAJ
2025-04-08 00:33:05.063222 - Found MTT390J.jcl (text/plain) in CBT.V508.FILE025.PDS, moved to PDS/MTT390J
2025-04-08 00:33:05.065017 - Found OLDESAVR.txt (text/plain) in CBT.V508.FILE025.PDS, moved to PDS/OLDESAVR
2025-04-08 00:33:05.066810 - Found OLDVERS.txt (text/plain) in CBT.V508.FILE025.PDS, moved to PDS/OLDVERS
2025-04-08 00:33:05.068873 - Found RESTESA.txt (text/plain) in CBT.V508.FILE025.PDS, moved to PDS/RESTESA
2025-04-08 00:33:05.070450 - Found SASSRCHD.jcl (text/plain) in CBT.V508.FILE025.PDS, moved to PDS/SASSRCHD
2025-04-08 00:33:05.071907 - Found SASSRCHV.jcl (text/plain) in CBT.V508.FILE025.PDS, moved to PDS/SASSRCHV
2025-04-08 00:33:05.073399 - Found ZTPPWTO.jcl (text/plain) in CBT.V508.FILE025.PDS, moved to PDS/ZTPPWTO
